Arguments: 
  /home/jlewallen/tools/node-v12.18.4-linux-x64/bin/node /home/jlewallen/tools/node/bin/yarn install

PATH: 
  node_modules/.bin:/home/jlewallen/android-sdk/platform-tools:/home/jlewallen/android-sdk/tools/bin:/home/jlewallen/android-sdk/tools:/home/jlewallen/tools/clang+llvm-10.0.0-x86_64-linux-gnu-ubuntu-18.04/bin:/home/jlewallen/tools/protoc/bin:/home/jlewallen/tools/jlink:/home/jlewallen/tools/p4merge/bin:/home/jlewallen/tools/wtf:/home/jlewallen/tools/gitkraken:/home/jlewallen/tools/node/bin:/home/jlewallen/tools/cmake/bin:/home/jlewallen/tools/nanopb/generator:/home/jlewallen/tools/apache-maven/bin:/home/jlewallen/tools/node_modules/.bin:/home/jlewallen/fieldkit/fkc/build:/home/jlewallen/conservify/bin:/home/jlewallen/go/bin:/home/jlewallen/sync/bin:/home/jlewallen/tools/bin:/home/jlewallen/.cargo/bin:/home/jlewallen/tools/go/bin:node_modules/.bin:/home/jlewallen/android-sdk/platform-tools:/home/jlewallen/android-sdk/tools/bin:/home/jlewallen/android-sdk/tools:/home/jlewallen/tools/clang+llvm-10.0.0-x86_64-linux-gnu-ubuntu-18.04/bin:/home/jlewallen/tools/protoc/bin:/home/jlewallen/tools/jlink:/home/jlewallen/tools/p4merge/bin:/home/jlewallen/tools/wtf:/home/jlewallen/tools/gitkraken:/home/jlewallen/tools/node/bin:/home/jlewallen/tools/cmake/bin:/home/jlewallen/tools/nanopb/generator:/home/jlewallen/tools/apache-maven/bin:/home/jlewallen/tools/node_modules/.bin:/home/jlewallen/fieldkit/fkc/build:/home/jlewallen/conservify/bin:/home/jlewallen/go/bin:/home/jlewallen/sync/bin:/home/jlewallen/tools/bin:/home/jlewallen/.cargo/bin:/home/jlewallen/tools/go/bin:/home/jlewallen/.local/bin:/usr/local/sbin:/usr/local/bin:/usr/sbin:/usr/bin:/sbin:/bin:/usr/games:/usr/local/games:/snap/bin

Yarn version: 
  1.22.10

Node version: 
  12.18.4

Platform: 
  linux x64

Trace: 
  Error: EEXIST: file already exists, mkdir '/home/jlewallen/fieldkit/cloud/node_modules'

npm manifest: 
  {
    "dependencies": {
      "@johmun/vue-tags-input": "^2.1.0",
      "redux": "4.0.1"
    },
    "version": "0.0.0"
  }

yarn manifest: 
  No manifest

Lockfile: 
  # THIS IS AN AUTOGENERATED FILE. DO NOT EDIT THIS FILE DIRECTLY.
  # yarn lockfile v1
  
  
  "@johmun/vue-tags-input@^2.1.0":
    version "2.1.0"
    resolved "https://registry.yarnpkg.com/@johmun/vue-tags-input/-/vue-tags-input-2.1.0.tgz#d265c00ecea092ecfcea21945f31c22a619e4862"
    integrity sha512-Fdwfss/TqCqMJbGAkmlzKbcG/ia1MstYjhqPBj+zG7h/166tIcE1TIftUxhT9LZ+RWjRSG0EFA1UyaHQSr3k3Q==
    dependencies:
      vue "^2.6.10"
  
  "js-tokens@^3.0.0 || ^4.0.0":
    version "4.0.0"
    resolved "https://registry.yarnpkg.com/js-tokens/-/js-tokens-4.0.0.tgz#19203fb59991df98e3a287050d4647cdeaf32499"
    integrity sha512-RdJUflcE3cUzKiMqQgsCu06FPu9UdIJO0beYbPhHN4k6apgJtifcoCtT9bcxOpYBtpD2kCM6Sbzg4CausW/PKQ==
  
  loose-envify@^1.4.0:
    version "1.4.0"
    resolved "https://registry.yarnpkg.com/loose-envify/-/loose-envify-1.4.0.tgz#71ee51fa7be4caec1a63839f7e682d8132d30caf"
    integrity sha512-lyuxPGr/Wfhrlem2CL/UcnUc1zcqKAImBDzukY7Y5F/yQiNdko6+fRLevlw1HgMySw7f611UIY408EtxRSoK3Q==
    dependencies:
      js-tokens "^3.0.0 || ^4.0.0"
  
  redux@4.0.1:
    version "4.0.1"
    resolved "https://registry.yarnpkg.com/redux/-/redux-4.0.1.tgz#436cae6cc40fbe4727689d7c8fae44808f1bfef5"
    integrity sha512-R7bAtSkk7nY6O/OYMVR9RiBI+XghjF9rlbl5806HJbQph0LJVHZrU5oaO4q70eUKiqMRqm4y07KLTlMZ2BlVmg==
    dependencies:
      loose-envify "^1.4.0"
      symbol-observable "^1.2.0"
  
  symbol-observable@^1.2.0:
    version "1.2.0"
    resolved "https://registry.yarnpkg.com/symbol-observable/-/symbol-observable-1.2.0.tgz#c22688aed4eab3cdc2dfeacbb561660560a00804"
    integrity sha512-e900nM8RRtGhlV36KGEU9k65K3mPb1WV70OdjfxlG2EAuM1noi/E/BaW/uMhL7bPEssK8QV57vN3esixjUvcXQ==
  
  vue@^2.6.10:
    version "2.6.11"
    resolved "https://registry.yarnpkg.com/vue/-/vue-2.6.11.tgz#76594d877d4b12234406e84e35275c6d514125c5"
    integrity sha512-VfPwgcGABbGAue9+sfrD4PuwFar7gPb1yl1UK1MwXoQPAw0BKSqWfoYCT/ThFrdEVWoI51dBuyCoiNU9bZDZxQ==
